#
# An unexpected error has been detected by Java Runtime Environment:
#
#  EXCEPTION_ACCESS_VIOLATION (0xc0000005) at pc=0x77053387, pid=4276, tid=7492
#
# Java VM: Java HotSpot(TM) Client VM (10.0-b23 mixed mode, sharing windows-x86)
# Problematic frame:
# C  [ntdll.dll+0x43387]
#
# If you would like to submit a bug report, please visit:
#   http://java.sun.com/webapps/bugreport/crash.jsp
# The crash happened outside the Java Virtual Machine in native code.
# See problematic frame for where to report the bug.
#

---------------  T H R E A D  ---------------

Current thread (0x04422400):  JavaThread "Connection Thread" [_thread_in_native, id=7492, stack(0x04a70000,0x04ac0000)]

siginfo: ExceptionCode=0xc0000005, writing address 0x00000014

Registers:
EAX=0x00000000, EBX=0xfffffffc, ECX=0x00000000, EDX=0x00000004
ESP=0x04abedc8, EBP=0x04abee18, ESI=0x04a590bc, EDI=0x04a590c0
EIP=0x77053387, EFLAGS=0x00010213

Top of Stack: (sp=0x04abedc8)
0x04abedc8:   04a590bc 04a590c0 00000000 001867b8
0x04abedd8:   00000000 00000000 04abee5c 74ed66eb
0x04abede8:   00000444 00000440 00000002 74ed577c
0x04abedf8:   1b718405 04abeee8 04abeef4 00000000
0x04abee08:   00000000 00000000 7ffae000 00000450
0x04abee18:   04abee40 7705323c 00000000 00000000
0x04abee28:   00000000 048c6e88 00000000 00000004
0x04abee38:   00000000 00000001 04abeed0 20b0447e 

Instructions: (pc=0x77053387)
0x77053377:   ff 33 c0 89 45 0c 89 45 08 8b 06 83 f8 ff 74 04
0x77053387:   83 40 14 01 8b 5d f4 8b 7d f0 90 80 3d 82 03 fe 


Stack: [0x04a70000,0x04ac0000],  sp=0x04abedc8,  free space=315k
Native frames: (J=compiled Java code, j=interpreted, Vv=VM code, C=native code)
C  [ntdll.dll+0x43387]
C  [ntdll.dll+0x4323c]
C  [imon.dll+0x447e]

Java frames: (J=compiled Java code, j=interpreted, Vv=VM code)
v  ~BufferBlob::Interpreter
v  ~BufferBlob::Interpreter
v  ~BufferBlob::Interpreter
J  java.io.BufferedInputStream.read()I
J  java.io.DataInputStream.readByte()B
v  ~BufferBlob::Interpreter
v  ~BufferBlob::Interpreter
v  ~BufferBlob::StubRoutines (1)

---------------  P R O C E S S  ---------------

Java Threads: ( => current thread )
  0x052ea800 JavaThread "AWT-Windows" daemon [_thread_in_native, id=6460, stack(0x050f0000,0x05140000)]
  0x052d2000 JavaThread "Java2D Disposer" daemon [_thread_blocked, id=6700, stack(0x04c10000,0x04c60000)]
=>0x04422400 JavaThread "Connection Thread" [_thread_in_native, id=7492, stack(0x04a70000,0x04ac0000)]
  0x0440ec00 JavaThread "Server Thread-Project (Transplantes)-VM for Transplantes" [_thread_blocked, id=7676, stack(0x04600000,0x04650000)]
  0x0204b800 JavaThread "Low Memory Detector" daemon [_thread_blocked, id=6372, stack(0x04360000,0x043b0000)]
  0x02047800 JavaThread "CompilerThread0" daemon [_thread_blocked, id=6980, stack(0x04310000,0x04360000)]
  0x02043400 JavaThread "Attach Listener" daemon [_thread_blocked, id=4124, stack(0x042c0000,0x04310000)]
  0x0203a800 JavaThread "Signal Dispatcher" daemon [_thread_blocked, id=3784, stack(0x04270000,0x042c0000)]
  0x02033400 JavaThread "Finalizer" daemon [_thread_blocked, id=6456, stack(0x04220000,0x04270000)]
  0x02032400 JavaThread "Reference Handler" daemon [_thread_blocked, id=6236, stack(0x041d0000,0x04220000)]
  0x01497c00 JavaThread "main" [_thread_blocked, id=1132, stack(0x01400000,0x01450000)]

Other Threads:
  0x02031000 VMThread [stack: 0x04180000,0x041d0000] [id=7424]
  0x0205c000 WatcherThread [stack: 0x043b0000,0x04400000] [id=4788]

VM state:not at safepoint (normal execution)

VM Mutex/Monitor currently owned by a thread: None

Heap
 def new generation   total 960K, used 740K [0x23d80000, 0x23e80000, 0x24260000)
  eden space 896K,  75% used [0x23d80000, 0x23e29268, 0x23e60000)
  from space 64K, 100% used [0x23e70000, 0x23e80000, 0x23e80000)
  to   space 64K,   0% used [0x23e60000, 0x23e60000, 0x23e70000)
 tenured generation   total 4096K, used 167K [0x24260000, 0x24660000, 0x27d80000)
   the space 4096K,   4% used [0x24260000, 0x24289ce8, 0x24289e00, 0x24660000)
 compacting perm gen  total 12288K, used 334K [0x27d80000, 0x28980000, 0x2bd80000)
   the space 12288K,   2% used [0x27d80000, 0x27dd3b30, 0x27dd3c00, 0x28980000)
    ro space 8192K,  62% used [0x2bd80000, 0x2c282ba0, 0x2c282c00, 0x2c580000)
    rw space 12288K,  52% used [0x2c580000, 0x2cbc88e0, 0x2cbc8a00, 0x2d180000)

Dynamic libraries:
0x00400000 - 0x00423000 	C:\Program Files\Java\jre1.6.0_07\bin\javaw.exe
0x77010000 - 0x77137000 	C:\Windows\system32\ntdll.dll
0x758e0000 - 0x759bb000 	C:\Windows\system32\kernel32.dll
0x76dc0000 - 0x76e86000 	C:\Windows\system32\ADVAPI32.dll
0x75b50000 - 0x75c12000 	C:\Windows\system32\RPCRT4.dll
0x76b60000 - 0x76bfd000 	C:\Windows\system32\USER32.dll
0x75890000 - 0x758db000 	C:\Windows\system32\GDI32.dll
0x77140000 - 0x7715e000 	C:\Windows\system32\IMM32.DLL
0x76e90000 - 0x76f58000 	C:\Windows\system32\MSCTF.dll
0x76f60000 - 0x7700a000 	C:\Windows\system32\msvcrt.dll
0x77160000 - 0x77169000 	C:\Windows\system32\LPK.DLL
0x77170000 - 0x771ed000 	C:\Windows\system32\USP10.dll
0x7c340000 - 0x7c396000 	C:\Program Files\Java\jre1.6.0_07\bin\msvcr71.dll
0x6d7c0000 - 0x6da10000 	C:\Program Files\Java\jre1.6.0_07\bin\client\jvm.dll
0x72c00000 - 0x72c32000 	C:\Windows\system32\WINMM.dll
0x759f0000 - 0x75b34000 	C:\Windows\system32\ole32.dll
0x76d30000 - 0x76dbd000 	C:\Windows\system32\OLEAUT32.dll
0x73bd0000 - 0x73c09000 	C:\Windows\system32\OLEACC.dll
0x756c0000 - 0x756ec000 	C:\Windows\system32\apphelp.dll
0x6d270000 - 0x6d278000 	C:\Program Files\Java\jre1.6.0_07\bin\hpi.dll
0x757f0000 - 0x757f7000 	C:\Windows\system32\PSAPI.DLL
0x6d770000 - 0x6d77c000 	C:\Program Files\Java\jre1.6.0_07\bin\verify.dll
0x6d310000 - 0x6d32f000 	C:\Program Files\Java\jre1.6.0_07\bin\java.dll
0x6d7b0000 - 0x6d7bf000 	C:\Program Files\Java\jre1.6.0_07\bin\zip.dll
0x6d570000 - 0x6d583000 	C:\Program Files\Java\jre1.6.0_07\bin\net.dll
0x75f00000 - 0x75f2d000 	C:\Windows\system32\WS2_32.dll
0x75b40000 - 0x75b46000 	C:\Windows\system32\NSI.dll
0x20b00000 - 0x20b4b000 	C:\Windows\system32\imon.dll
0x74bb0000 - 0x74bb7000 	C:\Windows\system32\WSOCK32.dll
0x20c00000 - 0x20c0d000 	C:\Program Files\Eset\pr_imon.dll
0x74ed0000 - 0x74f0b000 	C:\Windows\system32\mswsock.dll
0x74f50000 - 0x74f55000 	C:\Windows\System32\wship6.dll
0x74ba0000 - 0x74ba5000 	C:\Windows\System32\wshtcpip.dll
0x749d0000 - 0x749df000 	C:\Windows\system32\NLAapi.dll
0x752e0000 - 0x752f9000 	C:\Windows\system32\IPHLPAPI.DLL
0x750e0000 - 0x75115000 	C:\Windows\system32\dhcpcsvc.DLL
0x75360000 - 0x7538c000 	C:\Windows\system32\DNSAPI.dll
0x75720000 - 0x75734000 	C:\Windows\system32\Secur32.dll
0x74f10000 - 0x74f17000 	C:\Windows\system32\WINNSI.DLL
0x750b0000 - 0x750d1000 	C:\Windows\system32\dhcpcsvc6.DLL
0x726b0000 - 0x726bf000 	C:\Windows\system32\napinsp.dll
0x726d0000 - 0x726e2000 	C:\Windows\system32\pnrpnsp.dll
0x726a0000 - 0x726a8000 	C:\Windows\System32\winrnr.dll
0x75c90000 - 0x75cda000 	C:\Windows\system32\WLDAP32.dll
0x72690000 - 0x7269c000 	C:\Windows\system32\wshbth.dll
0x75ce0000 - 0x75e6a000 	C:\Windows\system32\SETUPAPI.dll
0x16080000 - 0x160a5000 	C:\Program Files\Bonjour\mdnsNSP.dll
0x71500000 - 0x71506000 	C:\Windows\system32\rasadhlp.dll
0x6d000000 - 0x6d12e000 	C:\Program Files\Java\jre1.6.0_07\bin\awt.dll
0x6f0c0000 - 0x6f102000 	C:\Windows\system32\WINSPOOL.DRV
0x73c10000 - 0x73c4f000 	C:\Windows\system32\uxtheme.dll
0x10000000 - 0x10071000 	C:\Program Files\DigitalPersona\Bin\DpoFeedb.dll
0x75740000 - 0x7575e000 	C:\Windows\system32\USERENV.dll
0x71100000 - 0x71160000 	C:\Program Files\Common Files\microsoft shared\ink\tiptsf.dll
0x74f60000 - 0x74f68000 	C:\Windows\system32\version.dll

VM Arguments:
jvm_args: -Dproxyvm.registryKey=18348823 -Dproxyvm.masterPort=49806 -Dproxyvm.bufsize=16000 -Dproxyvm.servername=Project (Transplantes)-VM for Transplantes -Xverify:none 
java_command: org.eclipse.jem.internal.proxy.vm.remote.RemoteVMApplication
Launcher Type: SUN_STANDARD

Environment Variables:
CLASSPATH=.;C:\Program Files\Java\jre6\lib\ext\QTJava.zip
PATH=C:\Program Files\Java\jre6\bin\client;C:\Program Files\Java\jre6\bin;C:\Windows\system32;C:\Windows;C:\Windows\System32\Wbem;C:\Program Files\CyberLink\Power2Go\;c:\Program Files\Microsoft SQL Server\90\Tools\binn\;C:\Program Files\MySQL\MySQL\bin;C:\Program Files\Common Files\Ulead Systems\MPEG;C:\Program Files\QuickTime\QTSystem\;;C:\Program Files\Common Files\Ahead\Lib\;C:\Program Files\Common Files\Ahead\Lib\;C:\Program Files\Common Files\Ahead\Lib\;C:\Program Files\Common Files\Ahead\Lib\
USERNAME=Rodrigo Santellán Wi
OS=Windows_NT
PROCESSOR_IDENTIFIER=x86 Family 15 Model 104 Stepping 2, AuthenticAMD



---------------  S Y S T E M  ---------------

OS: Windows Vista Build 6001 Service Pack 1

CPU:total 2 (2 cores per cpu, 1 threads per core) family 15 model 104 stepping 2, cmov, cx8, fxsr, mmx, sse, sse2, sse3, mmxext, 3dnow, 3dnowext

Memory: 4k page, physical 2097151k(1381504k free), swap 4194303k(4194303k free)

vm_info: Java HotSpot(TM) Client VM (10.0-b23) for windows-x86 JRE (1.6.0_07-b06), built on Jun 10 2008 01:14:11 by "java_re" with MS VC++ 7.1

time: Mon Mar 16 19:36:03 2009
elapsed time: 13587 seconds

