#
# An unexpected error has been detected by Java Runtime Environment:
#
#  EXCEPTION_ACCESS_VIOLATION (0xc0000005) at pc=0x77083387, pid=5440, tid=2392
#
# Java VM: Java HotSpot(TM) Client VM (10.0-b23 mixed mode, sharing windows-x86)
# Problematic frame:
# C  [ntdll.dll+0x43387]
#
# If you would like to submit a bug report, please visit:
#   http://java.sun.com/webapps/bugreport/crash.jsp
# The crash happened outside the Java Virtual Machine in native code.
# See problematic frame for where to report the bug.
#

---------------  T H R E A D  ---------------

Current thread (0x05186c00):  JavaThread "Connection Thread" [_thread_in_native, id=2392, stack(0x055d0000,0x05620000)]

siginfo: ExceptionCode=0xc0000005, writing address 0x00000014

Registers:
EAX=0x00000000, EBX=0xfffffffc, ECX=0x00000000, EDX=0x00000004
ESP=0x0561f138, EBP=0x0561f188, ESI=0x04899124, EDI=0x04899128
EIP=0x77083387, EFLAGS=0x00010213

Top of Stack: (sp=0x0561f138)
0x0561f138:   04899124 04899128 00000000 0012d318
0x0561f148:   00000000 00000000 0561f1cc 74f166eb
0x0561f158:   00000604 000005e0 00000002 74f1577c
0x0561f168:   1176edf4 0561f258 0561f264 00000000
0x0561f178:   00000000 00000000 7ffa9000 000005e4
0x0561f188:   0561f1b0 7708323c 00000000 00000000
0x0561f198:   00000000 04820850 00000000 00000004
0x0561f1a8:   00000000 00000001 0561f240 20b0447e 

Instructions: (pc=0x77083387)
0x77083377:   ff 33 c0 89 45 0c 89 45 08 8b 06 83 f8 ff 74 04
0x77083387:   83 40 14 01 8b 5d f4 8b 7d f0 90 80 3d 82 03 fe 


Stack: [0x055d0000,0x05620000],  sp=0x0561f138,  free space=316k
Native frames: (J=compiled Java code, j=interpreted, Vv=VM code, C=native code)
C  [ntdll.dll+0x43387]
C  [ntdll.dll+0x4323c]
C  [imon.dll+0x447e]

Java frames: (J=compiled Java code, j=interpreted, Vv=VM code)
v  ~BufferBlob::Interpreter
v  ~BufferBlob::Interpreter
v  ~BufferBlob::Interpreter
J  java.io.BufferedInputStream.read()I
v  ~BufferBlob::Interpreter
v  ~BufferBlob::Interpreter
v  ~BufferBlob::Interpreter
v  ~BufferBlob::StubRoutines (1)

---------------  P R O C E S S  ---------------

Java Threads: ( => current thread )
=>0x05186c00 JavaThread "Connection Thread" [_thread_in_native, id=2392, stack(0x055d0000,0x05620000)]
  0x05186800 JavaThread "AWT-Windows" daemon [_thread_in_native, id=10788, stack(0x05580000,0x055d0000)]
  0x05156400 JavaThread "Java2D Disposer" daemon [_thread_blocked, id=10988, stack(0x04c40000,0x04c90000)]
  0x04494400 JavaThread "Server Thread-Project (Transplantes)-Beaninfo" [_thread_blocked, id=10796, stack(0x04680000,0x046d0000)]
  0x01ac0400 JavaThread "Low Memory Detector" daemon [_thread_blocked, id=12264, stack(0x043e0000,0x04430000)]
  0x01ab4400 JavaThread "CompilerThread0" daemon [_thread_blocked, id=10920, stack(0x04390000,0x043e0000)]
  0x01ab3400 JavaThread "Attach Listener" daemon [_thread_blocked, id=5360, stack(0x04340000,0x04390000)]
  0x01aaa800 JavaThread "Signal Dispatcher" daemon [_thread_blocked, id=7144, stack(0x042f0000,0x04340000)]
  0x01aa6800 JavaThread "Finalizer" daemon [_thread_blocked, id=11872, stack(0x042a0000,0x042f0000)]
  0x01aa2400 JavaThread "Reference Handler" daemon [_thread_blocked, id=1800, stack(0x04250000,0x042a0000)]
  0x016d8400 JavaThread "main" [_thread_blocked, id=6204, stack(0x00800000,0x00850000)]

Other Threads:
  0x01aa1000 VMThread [stack: 0x04200000,0x04250000] [id=11072]
  0x01ad0c00 WatcherThread [stack: 0x04430000,0x04480000] [id=10696]

VM state:not at safepoint (normal execution)

VM Mutex/Monitor currently owned by a thread: None

Heap
 def new generation   total 960K, used 953K [0x23d80000, 0x23e80000, 0x24260000)
  eden space 896K,  99% used [0x23d80000, 0x23e5e770, 0x23e60000)
  from space 64K,  99% used [0x23e70000, 0x23e7fff8, 0x23e80000)
  to   space 64K,   0% used [0x23e60000, 0x23e60000, 0x23e70000)
 tenured generation   total 4096K, used 1198K [0x24260000, 0x24660000, 0x27d80000)
   the space 4096K,  29% used [0x24260000, 0x2438bb20, 0x2438bc00, 0x24660000)
 compacting perm gen  total 12288K, used 988K [0x27d80000, 0x28980000, 0x2bd80000)
   the space 12288K,   8% used [0x27d80000, 0x27e77160, 0x27e77200, 0x28980000)
    ro space 8192K,  62% used [0x2bd80000, 0x2c282ba0, 0x2c282c00, 0x2c580000)
    rw space 12288K,  52% used [0x2c580000, 0x2cbc88e0, 0x2cbc8a00, 0x2d180000)

Dynamic libraries:
0x00400000 - 0x00423000 	C:\Program Files\Java\jre1.6.0_07\bin\javaw.exe
0x77040000 - 0x77167000 	C:\Windows\system32\ntdll.dll
0x771b0000 - 0x7728b000 	C:\Windows\system32\kernel32.dll
0x75990000 - 0x75a56000 	C:\Windows\system32\ADVAPI32.dll
0x76850000 - 0x76912000 	C:\Windows\system32\RPCRT4.dll
0x767b0000 - 0x7684d000 	C:\Windows\system32\USER32.dll
0x76c30000 - 0x76c7b000 	C:\Windows\system32\GDI32.dll
0x769f0000 - 0x76a0e000 	C:\Windows\system32\IMM32.DLL
0x76ec0000 - 0x76f88000 	C:\Windows\system32\MSCTF.dll
0x76f90000 - 0x7703a000 	C:\Windows\system32\msvcrt.dll
0x75980000 - 0x75989000 	C:\Windows\system32\LPK.DLL
0x75a60000 - 0x75add000 	C:\Windows\system32\USP10.dll
0x7c340000 - 0x7c396000 	C:\Program Files\Java\jre1.6.0_07\bin\msvcr71.dll
0x6d7c0000 - 0x6da10000 	C:\Program Files\Java\jre1.6.0_07\bin\client\jvm.dll
0x729e0000 - 0x72a12000 	C:\Windows\system32\WINMM.dll
0x76ae0000 - 0x76c24000 	C:\Windows\system32\ole32.dll
0x758c0000 - 0x7594d000 	C:\Windows\system32\OLEAUT32.dll
0x73c00000 - 0x73c39000 	C:\Windows\system32\OLEACC.dll
0x756f0000 - 0x7571c000 	C:\Windows\system32\apphelp.dll
0x6d270000 - 0x6d278000 	C:\Program Files\Java\jre1.6.0_07\bin\hpi.dll
0x758b0000 - 0x758b7000 	C:\Windows\system32\PSAPI.DLL
0x6d770000 - 0x6d77c000 	C:\Program Files\Java\jre1.6.0_07\bin\verify.dll
0x6d310000 - 0x6d32f000 	C:\Program Files\Java\jre1.6.0_07\bin\java.dll
0x6d7b0000 - 0x6d7bf000 	C:\Program Files\Java\jre1.6.0_07\bin\zip.dll
0x6d570000 - 0x6d583000 	C:\Program Files\Java\jre1.6.0_07\bin\net.dll
0x77170000 - 0x7719d000 	C:\Windows\system32\WS2_32.dll
0x77290000 - 0x77296000 	C:\Windows\system32\NSI.dll
0x20b00000 - 0x20b4b000 	C:\Windows\system32\imon.dll
0x74bb0000 - 0x74bb7000 	C:\Windows\system32\WSOCK32.dll
0x20c00000 - 0x20c0d000 	C:\Program Files\Eset\pr_imon.dll
0x74f10000 - 0x74f4b000 	C:\Windows\system32\mswsock.dll
0x74f70000 - 0x74f75000 	C:\Windows\System32\wship6.dll
0x74ba0000 - 0x74ba5000 	C:\Windows\System32\wshtcpip.dll
0x74a00000 - 0x74a0f000 	C:\Windows\system32\NLAapi.dll
0x75150000 - 0x75169000 	C:\Windows\system32\IPHLPAPI.DLL
0x75110000 - 0x75145000 	C:\Windows\system32\dhcpcsvc.DLL
0x753a0000 - 0x753cc000 	C:\Windows\system32\DNSAPI.dll
0x75750000 - 0x75764000 	C:\Windows\system32\Secur32.dll
0x75100000 - 0x75107000 	C:\Windows\system32\WINNSI.DLL
0x750d0000 - 0x750f1000 	C:\Windows\system32\dhcpcsvc6.DLL
0x72990000 - 0x7299f000 	C:\Windows\system32\napinsp.dll
0x72920000 - 0x72932000 	C:\Windows\system32\pnrpnsp.dll
0x72940000 - 0x72948000 	C:\Windows\System32\winrnr.dll
0x76e70000 - 0x76eba000 	C:\Windows\system32\WLDAP32.dll
0x72910000 - 0x7291c000 	C:\Windows\system32\wshbth.dll
0x76c80000 - 0x76e0a000 	C:\Windows\system32\SETUPAPI.dll
0x16080000 - 0x160a5000 	C:\Program Files\Bonjour\mdnsNSP.dll
0x71ef0000 - 0x71ef6000 	C:\Windows\system32\rasadhlp.dll
0x6d000000 - 0x6d12e000 	C:\Program Files\Java\jre1.6.0_07\bin\awt.dll
0x6eec0000 - 0x6ef02000 	C:\Windows\system32\WINSPOOL.DRV
0x73c40000 - 0x73c7f000 	C:\Windows\system32\uxtheme.dll
0x10000000 - 0x10071000 	C:\Program Files\DigitalPersona\Bin\DpoFeedb.dll
0x75770000 - 0x7578e000 	C:\Windows\system32\USERENV.dll
0x714a0000 - 0x71500000 	C:\Program Files\Common Files\microsoft shared\ink\tiptsf.dll
0x74f80000 - 0x74f88000 	C:\Windows\system32\version.dll

VM Arguments:
jvm_args: -Dproxyvm.registryKey=1523479 -Dproxyvm.masterPort=51970 -Dproxyvm.bufsize=16000 -Dproxyvm.servername=Project (Transplantes)-Beaninfo -Xverify:none 
java_command: org.eclipse.jem.internal.proxy.vm.remote.RemoteVMApplication
Launcher Type: SUN_STANDARD

Environment Variables:
CLASSPATH=.;C:\Program Files\Java\jre1.6.0_07\lib\ext\QTJava.zip
PATH=C:\Program Files\Java\jre6\bin\client;C:\Program Files\Java\jre6\bin;C:\Windows\system32;C:\Windows;C:\Windows\System32\Wbem;C:\Program Files\CyberLink\Power2Go\;c:\Program Files\Microsoft SQL Server\90\Tools\binn\;C:\Program Files\MySQL\MySQL\bin;C:\Program Files\QuickTime\QTSystem\;C:\Program Files\Common Files\Ulead Systems\MPEG;;C:\Program Files\Common Files\Ahead\Lib\;C:\Program Files\Common Files\Ahead\Lib\;C:\Program Files\Common Files\Ahead\Lib\;C:\Program Files\Common Files\Ahead\Lib\;C:\Program Files\Common Files\Ahead\Lib\;C:\Program Files\Common Files\Ahead\Lib\
USERNAME=Rodrigo Santellán Wi
OS=Windows_NT
PROCESSOR_IDENTIFIER=x86 Family 15 Model 104 Stepping 2, AuthenticAMD



---------------  S Y S T E M  ---------------

OS: Windows Vista Build 6001 Service Pack 1

CPU:total 2 (2 cores per cpu, 1 threads per core) family 15 model 104 stepping 2, cmov, cx8, fxsr, mmx, sse, sse2, sse3, mmxext, 3dnow, 3dnowext

Memory: 4k page, physical 2097151k(1552384k free), swap 4194303k(3834364k free)

vm_info: Java HotSpot(TM) Client VM (10.0-b23) for windows-x86 JRE (1.6.0_07-b06), built on Jun 10 2008 01:14:11 by "java_re" with MS VC++ 7.1

time: Tue Mar 03 14:57:01 2009
elapsed time: 22 seconds

